---------------------------------------------------------------------------------------
-                           Fitted parameters                                         -
---------------------------------------------------------------------------------------
Best step is index 356309 at step 985 walker 8150 (block 32)    [L = 1064.4040  ]
Corner plots -> green = median value    red = highest log-likliehood value             
      Parameter =    median value +                 -                 [     best value]
---------------------------------------------------------------------------------------
   t_zero [HJD] =      8099.08425 +         0.00361 -         0.00270 [     8099.07966]
     Period [d] =         7.23290 +         0.00032 -         0.00037 [        7.23320]
           R1/a =         0.14683 +         0.00791 -         0.00835 [        0.14513]
          R2/R1 =         0.40011 +         0.07618 -         0.06720 [        0.47363]
             h1 =         0.65007 +         0.00239 -         0.00241 [        0.65007]
             h2 =         0.37326 +         0.03218 -         0.03012 [        0.36984]
              b =         0.93760 +         0.10687 -         0.10173 [        1.03538]
     zero-point =        -0.00737 +         0.00100 -         0.00095 [       -0.00726]
  Jitter [mag.] =         0.01792 +         0.00069 -         0.00062 [        0.01778]
---------------------------------------------------------------------------------------
-                         Calculated parameters                                       -
---------------------------------------------------------------------------------------
      Rho [sun] =         0.08102 +         0.01556 -         0.01180 [        0.08390]
       Duration =  8:55:14.468677 +  0:25:09.867718 -  0:25:59.079654 [ 8:57:27.021690]
       Duration =            8.92 +            0.42 -            0.43 [           8.96]
---------------------------------------------------------------------------------------
