---------------------------------------------------------------------------------------
-                           Fitted parameters                                         -
---------------------------------------------------------------------------------------
Best step is index 268228 at step 977 walker 1989 (block 8)    [L = 782.4855  ]
Corner plots -> green = median value    red = highest log-likliehood value             
      Parameter =    median value +                 -                 [     best value]
---------------------------------------------------------------------------------------
   t_zero [HJD] =      8106.28912 +         0.00875 -         0.00715 [     8106.28485]
     Period [d] =        14.46556 +         0.00049 -         0.00042 [       14.46482]
           R1/a =         0.06647 +         0.01020 -         0.01130 [        0.07388]
          R2/R1 =         0.28414 +         0.07143 -         0.03581 [        0.28638]
             h1 =         0.64995 +         0.00234 -         0.00224 [        0.64995]
             h2 =         0.37474 +         0.03107 -         0.02968 [        0.37055]
              b =         0.72508 +         0.16319 -         0.20611 [        0.73424]
     zero-point =         0.01232 +         0.00180 -         0.00180 [        0.01197]
  Jitter [mag.] =         0.03609 +         0.00126 -         0.00116 [        0.03574]
---------------------------------------------------------------------------------------
-                         Calculated parameters                                       -
---------------------------------------------------------------------------------------
      Rho [sun] =         0.21837 +         0.16364 -         0.07609 [        0.15901]
       Duration =  8:25:30.019729 +  0:55:33.377134 -  1:03:19.562936 [ 9:31:19.362544]
       Duration =            8.43 +            0.93 -            1.06 [           9.52]
---------------------------------------------------------------------------------------
